<?xml version="1.0" encoding="UTF-8"?>
<testsuite xmlns:xsi="http://www.w3.org/2001/XMLSchema-instance" xsi:noNamespaceSchemaLocation="https://maven.apache.org/surefire/maven-surefire-plugin/xsd/surefire-test-report-3.0.xsd" version="3.0" name="com.udacity.jwdnd.course1.cloudstorage.CloudStorageApplicationTests" time="50.112" tests="11" errors="0" skipped="0" failures="0">
  <properties>
[...]
</properties>
  <testcase name="testUnauthorizedUserAccess" classname="com.udacity.jwdnd.course1.cloudstorage.CloudStorageApplicationTests" time="3.886">
    <system-out><![CDATA[21:04:52.334 [main] INFO org.springframework.test.context.support.AnnotationConfigContextLoaderUtils -- Could not detect default configuration classes for test class [com.udacity.jwdnd.course1.cloudstorage.CloudStorageApplicationTests]: CloudStorageApplicationTests does not declare any static, non-private, non-final, nested classes annotated with @Configuration.
21:04:52.418 [main] INFO org.springframework.boot.test.context.SpringBootTestContextBootstrapper -- Found @SpringBootConfiguration com.udacity.jwdnd.course1.cloudstorage.CloudStorageApplication for test class com.udacity.jwdnd.course1.cloudstorage.CloudStorageApplicationTests
21:04:53.776 [main] INFO io.github.bonigarcia.wdm.WebDriverManager -- Using chromedriver 133.0.6943.141 (resolved driver for Chrome 133)
21:04:53.784 [main] INFO io.github.bonigarcia.wdm.WebDriverManager -- Exporting webdriver.chrome.driver as C:\Users\Admin\.cache\selenium\chromedriver\win64\133.0.6943.141\chromedriver.exe
21:04:53.836 [main] INFO org.springframework.boot.devtools.restart.RestartApplicationListener -- Restart disabled due to context in which it is running

  .   ____          _            __ _ _
 /\\ / ___'_ __ _ _(_)_ __  __ _ \ \ \ \
( ( )\___ | '_ | '_| | '_ \/ _` | \ \ \ \
 \\/  ___)| |_)| | | | | || (_| |  ) ) ) )
  '  |____| .__|_| |_|_| |_\__, | / / / /
 =========|_|==============|___/=/_/_/_/

 :: Spring Boot ::                (v3.3.5)

2025-03-02T21:04:54.031+01:00  INFO 22168 --- [           main] c.u.j.c.c.CloudStorageApplicationTests   : Starting CloudStorageApplicationTests using Java 17.0.12 with PID 22168 (started by Admin in D:\Projectos Intellij\cloudstorage\starter\cloudstorage)
2025-03-02T21:04:54.031+01:00  INFO 22168 --- [           main] c.u.j.c.c.CloudStorageApplicationTests   : No active profile set, falling back to 1 default profile: "default"
2025-03-02T21:04:54.613+01:00  INFO 22168 --- [           main] .s.d.r.c.RepositoryConfigurationDelegate : Bootstrapping Spring Data JPA repositories in DEFAULT mode.
2025-03-02T21:04:54.629+01:00  INFO 22168 --- [           main] .s.d.r.c.RepositoryConfigurationDelegate : Finished Spring Data repository scanning in 7 ms. Found 0 JPA repository interfaces.
2025-03-02T21:04:55.167+01:00  INFO 22168 --- [           main] o.s.b.w.embedded.tomcat.TomcatWebServer  : Tomcat initialized with port 0 (http)
2025-03-02T21:04:55.182+01:00  INFO 22168 --- [           main] o.apache.catalina.core.StandardService   : Starting service [Tomcat]
2025-03-02T21:04:55.198+01:00  INFO 22168 --- [           main] o.apache.catalina.core.StandardEngine    : Starting Servlet engine: [Apache Tomcat/10.1.31]
2025-03-02T21:04:55.285+01:00  INFO 22168 --- [           main] o.a.c.c.C.[Tomcat].[localhost].[/]       : Initializing Spring embedded WebApplicationContext
2025-03-02T21:04:55.285+01:00  INFO 22168 --- [           main] w.s.c.ServletWebServerApplicationContext : Root WebApplicationContext: initialization completed in 1243 ms
2025-03-02T21:04:55.406+01:00  INFO 22168 --- [           main] com.zaxxer.hikari.HikariDataSource       : HikariPool-1 - Starting...
2025-03-02T21:04:55.621+01:00  INFO 22168 --- [           main] com.zaxxer.hikari.pool.HikariPool        : HikariPool-1 - Added connection org.postgresql.jdbc.PgConnection@23c05889
2025-03-02T21:04:55.625+01:00  INFO 22168 --- [           main] com.zaxxer.hikari.HikariDataSource       : HikariPool-1 - Start completed.
2025-03-02T21:04:55.755+01:00  INFO 22168 --- [           main] o.hibernate.jpa.internal.util.LogHelper  : HHH000204: Processing PersistenceUnitInfo [name: default]
2025-03-02T21:04:55.856+01:00  INFO 22168 --- [           main] org.hibernate.Version                    : HHH000412: Hibernate ORM core version 6.5.3.Final
2025-03-02T21:04:55.934+01:00  INFO 22168 --- [           main] o.h.c.internal.RegionFactoryInitiator    : HHH000026: Second-level cache disabled
2025-03-02T21:04:56.307+01:00  INFO 22168 --- [           main] o.s.o.j.p.SpringPersistenceUnitInfo      : No LoadTimeWeaver setup: ignoring JPA class transformer
2025-03-02T21:04:56.402+01:00  WARN 22168 --- [           main] org.hibernate.orm.deprecation            : HHH90000025: PostgreSQLDialect does not need to be specified explicitly using 'hibernate.dialect' (remove the property setting and it will be selected by default)
2025-03-02T21:04:56.671+01:00  INFO 22168 --- [           main] o.h.e.t.j.p.i.JtaPlatformInitiator       : HHH000489: No JTA platform available (set 'hibernate.transaction.jta.platform' to enable JTA platform integration)
2025-03-02T21:04:56.671+01:00  INFO 22168 --- [           main] j.LocalContainerEntityManagerFactoryBean : Initialized JPA EntityManagerFactory for persistence unit 'default'
2025-03-02T21:04:56.889+01:00  WARN 22168 --- [           main] JpaBaseConfiguration$JpaWebConfiguration : spring.jpa.open-in-view is enabled by default. Therefore, database queries may be performed during view rendering. Explicitly configure spring.jpa.open-in-view to disable this warning
2025-03-02T21:04:56.910+01:00  INFO 22168 --- [           main] eAuthenticationProviderManagerConfigurer : Global AuthenticationManager configured with AuthenticationProvider bean with name authenticationService
2025-03-02T21:04:57.604+01:00  INFO 22168 --- [           main] o.s.b.w.embedded.tomcat.TomcatWebServer  : Tomcat started on port 53793 (http) with context path '/'
2025-03-02T21:04:57.620+01:00  INFO 22168 --- [           main] c.u.j.c.c.CloudStorageApplicationTests   : Started CloudStorageApplicationTests in 3.789 seconds (process running for 5.963)
2025-03-02T21:05:00.911+01:00  WARN 22168 --- [           main] o.o.selenium.devtools.CdpVersionFinder   : Unable to find CDP implementation matching 133
2025-03-02T21:05:00.911+01:00  WARN 22168 --- [           main] o.o.selenium.chromium.ChromiumDriver     : Unable to find version of CDP to use for 133.0.6943.142. You may need to include a dependency on a specific version of the CDP using something similar to `org.seleniumhq.selenium:selenium-devtools-v86:4.19.1` where the version ("v86") matches the version of the chromium-based browser you're using and the version number of the artifact is the same as Selenium's.
2025-03-02T21:05:00.979+01:00  INFO 22168 --- [o-auto-1-exec-1] o.a.c.c.C.[Tomcat].[localhost].[/]       : Initializing Spring DispatcherServlet 'dispatcherServlet'
2025-03-02T21:05:00.979+01:00  INFO 22168 --- [o-auto-1-exec-1] o.s.web.servlet.DispatcherServlet        : Initializing Servlet 'dispatcherServlet'
2025-03-02T21:05:00.980+01:00  INFO 22168 --- [o-auto-1-exec-1] o.s.web.servlet.DispatcherServlet        : Completed initialization in 1 ms
]]></system-out>
  </testcase>
  <testcase name="signUpThenLoginThenVerifyHomePageAccessTest" classname="com.udacity.jwdnd.course1.cloudstorage.CloudStorageApplicationTests" time="3.863">
    <system-out><![CDATA[2025-03-02T21:05:02.106+01:00  WARN 22168 --- [           main] o.o.selenium.devtools.CdpVersionFinder   : Unable to find CDP implementation matching 133
2025-03-02T21:05:02.106+01:00  WARN 22168 --- [           main] o.o.selenium.chromium.ChromiumDriver     : Unable to find version of CDP to use for 133.0.6943.142. You may need to include a dependency on a specific version of the CDP using something similar to `org.seleniumhq.selenium:selenium-devtools-v86:4.19.1` where the version ("v86") matches the version of the chromium-based browser you're using and the version number of the artifact is the same as Selenium's.
]]></system-out>
  </testcase>
  <testcase name="createNoteThenVerifiesIfDisplayedTest" classname="com.udacity.jwdnd.course1.cloudstorage.CloudStorageApplicationTests" time="4.736">
    <system-out><![CDATA[2025-03-02T21:05:05.953+01:00  WARN 22168 --- [           main] o.o.selenium.devtools.CdpVersionFinder   : Unable to find CDP implementation matching 133
2025-03-02T21:05:05.953+01:00  WARN 22168 --- [           main] o.o.selenium.chromium.ChromiumDriver     : Unable to find version of CDP to use for 133.0.6943.142. You may need to include a dependency on a specific version of the CDP using something similar to `org.seleniumhq.selenium:selenium-devtools-v86:4.19.1` where the version ("v86") matches the version of the chromium-based browser you're using and the version number of the artifact is the same as Selenium's.
]]></system-out>
  </testcase>
  <testcase name="editNoteThenVerifiesChangesDisplayedTest" classname="com.udacity.jwdnd.course1.cloudstorage.CloudStorageApplicationTests" time="4.825">
    <system-out><![CDATA[2025-03-02T21:05:10.691+01:00  WARN 22168 --- [           main] o.o.selenium.devtools.CdpVersionFinder   : Unable to find CDP implementation matching 133
2025-03-02T21:05:10.691+01:00  WARN 22168 --- [           main] o.o.selenium.chromium.ChromiumDriver     : Unable to find version of CDP to use for 133.0.6943.142. You may need to include a dependency on a specific version of the CDP using something similar to `org.seleniumhq.selenium:selenium-devtools-v86:4.19.1` where the version ("v86") matches the version of the chromium-based browser you're using and the version number of the artifact is the same as Selenium's.
]]></system-out>
  </testcase>
  <testcase name="deleteNoteThenVerifiesIfNoLongerDisplayedTest" classname="com.udacity.jwdnd.course1.cloudstorage.CloudStorageApplicationTests" time="3.935">
    <system-out><![CDATA[2025-03-02T21:05:15.524+01:00  WARN 22168 --- [           main] o.o.selenium.devtools.CdpVersionFinder   : Unable to find CDP implementation matching 133
2025-03-02T21:05:15.524+01:00  WARN 22168 --- [           main] o.o.selenium.chromium.ChromiumDriver     : Unable to find version of CDP to use for 133.0.6943.142. You may need to include a dependency on a specific version of the CDP using something similar to `org.seleniumhq.selenium:selenium-devtools-v86:4.19.1` where the version ("v86") matches the version of the chromium-based browser you're using and the version number of the artifact is the same as Selenium's.
]]></system-out>
  </testcase>
  <testcase name="createCredentialsThenVerifiesIfPasswordEncryptedThenVerifiesIfDisplayedTest" classname="com.udacity.jwdnd.course1.cloudstorage.CloudStorageApplicationTests" time="5.32">
    <system-out><![CDATA[2025-03-02T21:05:19.465+01:00  WARN 22168 --- [           main] o.o.selenium.devtools.CdpVersionFinder   : Unable to find CDP implementation matching 133
2025-03-02T21:05:19.465+01:00  WARN 22168 --- [           main] o.o.selenium.chromium.ChromiumDriver     : Unable to find version of CDP to use for 133.0.6943.142. You may need to include a dependency on a specific version of the CDP using something similar to `org.seleniumhq.selenium:selenium-devtools-v86:4.19.1` where the version ("v86") matches the version of the chromium-based browser you're using and the version number of the artifact is the same as Selenium's.
]]></system-out>
  </testcase>
  <testcase name="editCredentialsThenVerifiesPasswordEncryptedThenChangesDisplayedTest" classname="com.udacity.jwdnd.course1.cloudstorage.CloudStorageApplicationTests" time="5.444">
    <system-out><![CDATA[2025-03-02T21:05:24.796+01:00  WARN 22168 --- [           main] o.o.selenium.devtools.CdpVersionFinder   : Unable to find CDP implementation matching 133
2025-03-02T21:05:24.796+01:00  WARN 22168 --- [           main] o.o.selenium.chromium.ChromiumDriver     : Unable to find version of CDP to use for 133.0.6943.142. You may need to include a dependency on a specific version of the CDP using something similar to `org.seleniumhq.selenium:selenium-devtools-v86:4.19.1` where the version ("v86") matches the version of the chromium-based browser you're using and the version number of the artifact is the same as Selenium's.
]]></system-out>
  </testcase>
  <testcase name="deleteCredentialsThenVerifiesIfNoLongerDisplayedTest" classname="com.udacity.jwdnd.course1.cloudstorage.CloudStorageApplicationTests" time="4.002">
    <system-out><![CDATA[2025-03-02T21:05:30.220+01:00  WARN 22168 --- [           main] o.o.selenium.devtools.CdpVersionFinder   : Unable to find CDP implementation matching 133
2025-03-02T21:05:30.220+01:00  WARN 22168 --- [           main] o.o.selenium.chromium.ChromiumDriver     : Unable to find version of CDP to use for 133.0.6943.142. You may need to include a dependency on a specific version of the CDP using something similar to `org.seleniumhq.selenium:selenium-devtools-v86:4.19.1` where the version ("v86") matches the version of the chromium-based browser you're using and the version number of the artifact is the same as Selenium's.
]]></system-out>
  </testcase>
  <testcase name="testRedirection" classname="com.udacity.jwdnd.course1.cloudstorage.CloudStorageApplicationTests" time="1.227">
    <system-out><![CDATA[2025-03-02T21:05:34.243+01:00  WARN 22168 --- [           main] o.o.selenium.devtools.CdpVersionFinder   : Unable to find CDP implementation matching 133
2025-03-02T21:05:34.243+01:00  WARN 22168 --- [           main] o.o.selenium.chromium.ChromiumDriver     : Unable to find version of CDP to use for 133.0.6943.142. You may need to include a dependency on a specific version of the CDP using something similar to `org.seleniumhq.selenium:selenium-devtools-v86:4.19.1` where the version ("v86") matches the version of the chromium-based browser you're using and the version number of the artifact is the same as Selenium's.
]]></system-out>
  </testcase>
  <testcase name="testBadUrl" classname="com.udacity.jwdnd.course1.cloudstorage.CloudStorageApplicationTests" time="3.589">
    <system-out><![CDATA[2025-03-02T21:05:35.449+01:00  WARN 22168 --- [           main] o.o.selenium.devtools.CdpVersionFinder   : Unable to find CDP implementation matching 133
2025-03-02T21:05:35.449+01:00  WARN 22168 --- [           main] o.o.selenium.chromium.ChromiumDriver     : Unable to find version of CDP to use for 133.0.6943.142. You may need to include a dependency on a specific version of the CDP using something similar to `org.seleniumhq.selenium:selenium-devtools-v86:4.19.1` where the version ("v86") matches the version of the chromium-based browser you're using and the version number of the artifact is the same as Selenium's.
]]></system-out>
  </testcase>
  <testcase name="testLargeUpload" classname="com.udacity.jwdnd.course1.cloudstorage.CloudStorageApplicationTests" time="3.841">
    <system-out><![CDATA[2025-03-02T21:05:39.046+01:00  WARN 22168 --- [           main] o.o.selenium.devtools.CdpVersionFinder   : Unable to find CDP implementation matching 133
2025-03-02T21:05:39.046+01:00  WARN 22168 --- [           main] o.o.selenium.chromium.ChromiumDriver     : Unable to find version of CDP to use for 133.0.6943.142. You may need to include a dependency on a specific version of the CDP using something similar to `org.seleniumhq.selenium:selenium-devtools-v86:4.19.1` where the version ("v86") matches the version of the chromium-based browser you're using and the version number of the artifact is the same as Selenium's.
]]></system-out>
  </testcase>
</testsuite>